<?xml version="1.0" encoding="UTF-8"?>
<testng-results ignored="0" total="1" passed="1" failed="0" skipped="0">
  <reporter-output>
  </reporter-output>
  <suite started-at="2023-03-14T20:21:02 IST" name="Default suite" finished-at="2023-03-14T20:21:22 IST" duration-ms="20735">
    <groups>
    </groups>
    <test started-at="2023-03-14T20:21:02 IST" name="Default test" finished-at="2023-03-14T20:21:22 IST" duration-ms="20735">
      <class name="Test.New">
        <test-method is-config="true" signature="BS()[pri:0, instance:Test.New@35aea049]" started-at="2023-03-14T20:21:02 IST" name="BS" finished-at="2023-03-14T20:21:02 IST" duration-ms="10" status="PASS">
          <reporter-output>
          </reporter-output>
        </test-method> <!-- BS -->
        <test-method is-config="true" signature="BT()[pri:0, instance:Test.New@35aea049]" started-at="2023-03-14T20:21:02 IST" name="BT" finished-at="2023-03-14T20:21:02 IST" duration-ms="2" status="PASS">
          <reporter-output>
          </reporter-output>
        </test-method> <!-- BT -->
        <test-method is-config="true" signature="BC()[pri:0, instance:Test.New@35aea049]" started-at="2023-03-14T20:21:02 IST" name="BC" finished-at="2023-03-14T20:21:02 IST" duration-ms="7" status="PASS">
          <reporter-output>
          </reporter-output>
        </test-method> <!-- BC -->
        <test-method is-config="true" signature="BM()[pri:0, instance:Test.New@35aea049]" started-at="2023-03-14T20:21:02 IST" name="BM" finished-at="2023-03-14T20:21:22 IST" duration-ms="20668" status="PASS">
          <reporter-output>
          </reporter-output>
        </test-method> <!-- BM -->
        <test-method signature="test()[pri:0, instance:Test.New@35aea049]" started-at="2023-03-14T20:21:22 IST" name="test" finished-at="2023-03-14T20:21:22 IST" duration-ms="7" status="PASS">
          <reporter-output>
          </reporter-output>
        </test-method> <!-- test -->
        <test-method is-config="true" signature="AM()[pri:0, instance:Test.New@35aea049]" started-at="2023-03-14T20:21:22 IST" name="AM" finished-at="2023-03-14T20:21:22 IST" duration-ms="0" status="PASS">
          <reporter-output>
          </reporter-output>
        </test-method> <!-- AM -->
        <test-method is-config="true" signature="AC()[pri:0, instance:Test.New@35aea049]" started-at="2023-03-14T20:21:22 IST" name="AC" finished-at="2023-03-14T20:21:22 IST" duration-ms="2" status="PASS">
          <reporter-output>
          </reporter-output>
        </test-method> <!-- AC -->
        <test-method is-config="true" signature="At()[pri:0, instance:Test.New@35aea049]" started-at="2023-03-14T20:21:22 IST" name="At" finished-at="2023-03-14T20:21:22 IST" duration-ms="0" status="PASS">
          <reporter-output>
          </reporter-output>
        </test-method> <!-- At -->
        <test-method is-config="true" signature="AS()[pri:0, instance:Test.New@35aea049]" started-at="2023-03-14T20:21:22 IST" name="AS" finished-at="2023-03-14T20:21:22 IST" duration-ms="0" status="PASS">
          <reporter-output>
          </reporter-output>
        </test-method> <!-- AS -->
      </class> <!-- Test.New -->
    </test> <!-- Default test -->
  </suite> <!-- Default suite -->
</testng-results>
